[START OF SIMULATION]
[0x00000000]	bun 0x0000009F      PC=0x0000027C
[0x0000027C]	addi r1,r0,168      FR=0x00000000,R1=R0+0x00A8=0x000000A8
[0x00000280]	call r31,r0,0x0004  R31=(PC+4)>>2=0x000000A1,PC=(R0+0x0004)<<2=0x00000010
[0x00000010]	addi r2,r0,195      FR=0x00000000,R2=R0+0x00C3=0x000000C3
[0x00000014]	addi r2,r2,9        FR=0x00000000,R2=R2+0x0009=0x000000CC
[0x00000018]	push r2,r1          MEM[R2->0x00000330]=R1=0x000000A8
[0x0000001C]	stw r2,0x0000,r2    MEM[(R2+0x0000)<<2]=R2=0x000000CB
[0x00000020]	subi r2,r2,1        FR=0x00000000,R2=R2-0x0001=0x000000CA
[0x00000024]	push r2,r31         MEM[R2->0x00000328]=R31=0x000000A1
[0x00000028]	ldw r3,r1,0x0001    R3=MEM[(R1+0x0001)<<2]=0x0000AAAA
[0x0000002C]	ldw r4,r1,0x0002    R4=MEM[(R1+0x0002)<<2]=0xBBBB0000
[0x00000030]	ldw r5,r1,0x0003    R5=MEM[(R1+0x0003)<<2]=0x5555AAAA
[0x00000034]	ldw r6,r1,0x0004    R6=MEM[(R1+0x0004)<<2]=0xAAAA5555
[0x00000038]	ldw r7,r1,0x0005    R7=MEM[(R1+0x0005)<<2]=0x12345678
[0x0000003C]	ldw r8,r1,0x0006    R8=MEM[(R1+0x0006)<<2]=0x9ABCDEF0
[0x00000040]	ldw r9,r1,0x0007    R9=MEM[(R1+0x0007)<<2]=0x00000001
[0x00000044]	ldw r10,r1,0x0008   R10=MEM[(R1+0x0008)<<2]=0x10000000
[0x00000048]	ldw r11,r1,0x0009   R11=MEM[(R1+0x0009)<<2]=0x10101010
[0x0000004C]	ldw r12,r1,0x000A   R12=MEM[(R1+0x000A)<<2]=0x01010101
[0x00000050]	ldw r13,r1,0x000B   R13=MEM[(R1+0x000B)<<2]=0xABCDEF00
[0x00000054]	ldw r14,r1,0x000C   R14=MEM[(R1+0x000C)<<2]=0x00ABCDEF
[0x00000058]	ldw r15,r1,0x000D   R15=MEM[(R1+0x000D)<<2]=0x00005555
[0x0000005C]	ldw r16,r1,0x000E   R16=MEM[(R1+0x000E)<<2]=0x98765432
[0x00000060]	ldw r17,r1,0x000F   R17=MEM[(R1+0x000F)<<2]=0x00001234
[0x00000064]	ldw r18,r1,0x0010   R18=MEM[(R1+0x0010)<<2]=0x12340000
[0x00000068]	ldw r19,r1,0x0011   R19=MEM[(R1+0x0011)<<2]=0x11111111
[0x0000006C]	ldw r20,r1,0x0012   R20=MEM[(R1+0x0012)<<2]=0x97234254
[0x00000070]	ldw r21,r1,0x0013   R21=MEM[(R1+0x0013)<<2]=0xABDF39AE
[0x00000074]	ldw r22,r1,0x0014   R22=MEM[(R1+0x0014)<<2]=0x82BC98AF
[0x00000078]	ldw r23,r1,0x0015   R23=MEM[(R1+0x0015)<<2]=0x00000003
[0x0000007C]	ldw r24,r1,0x0016   R24=MEM[(R1+0x0016)<<2]=0x00000033
[0x00000080]	ldw r25,r1,0x0017   R25=MEM[(R1+0x0017)<<2]=0x24242424
[0x00000084]	ldw r26,r1,0x0018   R26=MEM[(R1+0x0018)<<2]=0x42424242
[0x00000088]	ldw r27,r1,0x0019   R27=MEM[(R1+0x0019)<<2]=0x88888888
[0x0000008C]	ldw r28,r1,0x001A   R28=MEM[(R1+0x001A)<<2]=0xAABBCCDD
[0x00000090]	add r29,r1,r0       FR=0x00000000,R29=R1+R0=0x000000A8
[0x00000094]	shl r29,r29,1       ER=0x00000000,R29=R29<<2=0x000002A0
[0x00000098]	ldb r30,r29,0       R30=MEM[(R29+0x0000)<<2]=0xFF
[0x0000009C]	ldb r30,r29,1       R30=MEM[(R29+0x0001)<<2]=0x01
[0x000000A0]	ldb r30,r29,2       R30=MEM[(R29+0x0002)<<2]=0x20
[0x000000A4]	ldb r30,r29,3       R30=MEM[(R29+0x0003)<<2]=0xEF
[0x000000A8]	ldw r31,r1,0x0005   R31=MEM[(R1+0x0005)<<2]=0x12345678
[0x000000AC]	addi r2,r2,1        FR=0x00000000,R2=R2+0x0001=0x000000CA
[0x000000B0]	ldw r31,r2,0x0000   R31=MEM[(R2+0x0000)<<2]=0x000000A1
[0x000000B4]	pop r2,r2           R2=MEM[R2->0x0000032C]=0x000000CB
[0x000000B8]	pop r1,r2           R1=MEM[R2->0x00000330]=0x000000A8
[0x000000BC]	ret r31             PC=R31<<2=0x00000284
[0x00000284]	call r31,r0,0x0030  R31=(PC+4)>>2=0x000000A2,PC=(R0+0x0030)<<2=0x000000C0
[0x000000C0]	stw r1,0x0000,r2    MEM[(R1+0x0000)<<2]=R2=0x000000CC
[0x000000C4]	stw r1,0x0001,r3    MEM[(R1+0x0001)<<2]=R3=0x0000AAAA
[0x000000C8]	stw r1,0x0002,r4    MEM[(R1+0x0002)<<2]=R4=0xBBBB0000
[0x000000CC]	stw r1,0x0003,r5    MEM[(R1+0x0003)<<2]=R5=0x5555AAAA
[0x000000D0]	stw r1,0x0004,r6    MEM[(R1+0x0004)<<2]=R6=0xAAAA5555
[0x000000D4]	stw r1,0x0005,r7    MEM[(R1+0x0005)<<2]=R7=0x12345678
[0x000000D8]	stw r1,0x0006,r8    MEM[(R1+0x0006)<<2]=R8=0x9ABCDEF0
[0x000000DC]	stw r1,0x0007,r9    MEM[(R1+0x0007)<<2]=R9=0x00000001
[0x000000E0]	stw r1,0x0008,r10   MEM[(R1+0x0008)<<2]=R10=0x10000000
[0x000000E4]	stw r1,0x0009,r11   MEM[(R1+0x0009)<<2]=R11=0x10101010
[0x000000E8]	stw r1,0x000A,r12   MEM[(R1+0x000A)<<2]=R12=0x01010101
[0x000000EC]	stw r1,0x000B,r13   MEM[(R1+0x000B)<<2]=R13=0xABCDEF00
[0x000000F0]	stw r1,0x000C,r14   MEM[(R1+0x000C)<<2]=R14=0x00ABCDEF
[0x000000F4]	stw r1,0x000D,r15   MEM[(R1+0x000D)<<2]=R15=0x00005555
[0x000000F8]	stw r1,0x000E,r16   MEM[(R1+0x000E)<<2]=R16=0x98765432
[0x000000FC]	stw r1,0x000F,r17   MEM[(R1+0x000F)<<2]=R17=0x00001234
[0x00000100]	stw r1,0x0010,r18   MEM[(R1+0x0010)<<2]=R18=0x12340000
[0x00000104]	stw r1,0x0011,r19   MEM[(R1+0x0011)<<2]=R19=0x11111111
[0x00000108]	stw r1,0x0012,r20   MEM[(R1+0x0012)<<2]=R20=0x97234254
[0x0000010C]	stw r1,0x0013,r21   MEM[(R1+0x0013)<<2]=R21=0xABDF39AE
[0x00000110]	stw r1,0x0014,r22   MEM[(R1+0x0014)<<2]=R22=0x82BC98AF
[0x00000114]	stw r1,0x0015,r23   MEM[(R1+0x0015)<<2]=R23=0x00000003
[0x00000118]	stw r1,0x0016,r24   MEM[(R1+0x0016)<<2]=R24=0x00000033
[0x0000011C]	stw r1,0x0017,r25   MEM[(R1+0x0017)<<2]=R25=0x24242424
[0x00000120]	stw r1,0x0018,r26   MEM[(R1+0x0018)<<2]=R26=0x42424242
[0x00000124]	stw r1,0x0019,r27   MEM[(R1+0x0019)<<2]=R27=0x88888888
[0x00000128]	stw r1,0x001A,r28   MEM[(R1+0x001A)<<2]=R28=0xAABBCCDD
[0x0000012C]	add r29,r1,r0       FR=0x00000000,R29=R1+R0=0x000000A8
[0x00000130]	shl r29,r29,1       ER=0x00000000,R29=R29<<2=0x000002A0
[0x00000134]	stb r29,0x0000,r28  MEM[R29+0x0000]=R28=0xDD
[0x00000138]	shr r28,r28,7       ER=0x00000000,R28=R28>>8=0x00AABBCC
[0x0000013C]	stb r29,0x0001,r28  MEM[R29+0x0001]=R28=0xCC
[0x00000140]	shr r28,r28,7       ER=0x00000000,R28=R28>>8=0x0000AABB
[0x00000144]	stb r29,0x0002,r28  MEM[R29+0x0002]=R28=0xBB
[0x00000148]	shr r28,r28,7       ER=0x00000000,R28=R28>>8=0x000000AA
[0x0000014C]	stb r29,0x0003,r28  MEM[R29+0x0003]=R28=0xAA
[0x00000150]	ret r31             PC=R31<<2=0x00000288
[0x00000288]	call r31,r0,0x0055  R31=(PC+4)>>2=0x000000A3,PC=(R0+0x0055)<<2=0x00000154
[0x00000154]	addi r1,r0,195      FR=0x00000000,R1=R0+0x00C3=0x000000C3
[0x00000158]	addi r1,r1,9        FR=0x00000000,R1=R1+0x0009=0x000000CC
[0x0000015C]	cmp r1,0            FR=0x00000004
[0x00000160]	addi r2,r2,65535    FR=0x00000004,R2=R2+0xFFFF=0x000100CB
[0x00000164]	shl r2,r2,31        ER=0x000100CB,R2=R2<<32=0x00000000
[0x00000168]	push r1,pc          MEM[R1->0x00000330]=PC=0x0000005A
[0x0000016C]	push r1,ir          MEM[R1->0x0000032C]=IR=0x2C008021
[0x00000170]	push r1,er          MEM[R1->0x00000328]=ER=0x000100CB
[0x00000174]	push r1,fr          MEM[R1->0x00000324]=FR=0x00000004
[0x00000178]	push r1,r0          MEM[R1->0x00000320]=R0=0x00000000
[0x0000017C]	push r1,r1          MEM[R1->0x0000031C]=R1=0x000000C7
[0x00000180]	push r1,pc          MEM[R1->0x00000318]=PC=0x00000060
[0x00000184]	push r1,ir          MEM[R1->0x00000314]=IR=0x2C008021
[0x00000188]	push r1,r29         MEM[R1->0x00000310]=R29=0x000002A0
[0x0000018C]	push r1,r31         MEM[R1->0x0000030C]=R31=0x000000A3
[0x00000190]	pop r2,r1           R2=MEM[R1->0x0000030C]=0x000000A3
[0x00000194]	pop r3,r1           R3=MEM[R1->0x00000310]=0x000002A0
[0x00000198]	pop r4,r1           R4=MEM[R1->0x00000314]=0x2C008021
[0x0000019C]	pop r5,r1           R5=MEM[R1->0x00000318]=0x00000060
[0x000001A0]	pop r6,r1           R6=MEM[R1->0x0000031C]=0x000000C7
[0x000001A4]	pop r7,r1           R7=MEM[R1->0x00000320]=0x00000000
[0x000001A8]	pop r8,r1           R8=MEM[R1->0x00000324]=0x00000004
[0x000001AC]	pop r9,r1           R9=MEM[R1->0x00000328]=0x000100CB
[0x000001B0]	pop r10,r1          R10=MEM[R1->0x0000032C]=0x2C008021
[0x000001B4]	pop r11,r1          R11=MEM[R1->0x00000330]=0x0000005A
[0x000001B8]	ret r31             PC=R31<<2=0x0000028C
[0x0000028C]	call r31,r0,0x006F  R31=(PC+4)>>2=0x000000A4,PC=(R0+0x006F)<<2=0x000001BC
[0x000001BC]	add r0,pc,r0        FR=0x00000004,R0=PC+R0=0x00000000
[0x000001C0]	sub r1,ir,r0        FR=0x00000004,R1=IR-R0=0x04030420
[0x000001C4]	mul r2,er,r0        FR=0x00000004,ER=0x00000000,R2=ER*R0=0x00000000
[0x000001C8]	div r30,pc,fr       FR=0x00000004,ER=0x00000002,R30=PC/FR=0x0000001C
[0x000001CC]	add r30,fr,r0       FR=0x00000004,R30=FR+R0=0x00000004
[0x000001D0]	cmp ir,0            FR=0x00000004
[0x000001D4]	add r3,r0,r30       FR=0x00000004,R3=R0+R30=0x00000004
[0x000001D8]	shl r30,ir,33       ER=0x5007E084,R30=IR<<34=0x00000000
[0x000001DC]	shr r30,pc,39       ER=0x00000000,R30=PC>>40=0x00000000
[0x000001E0]	and r30,ir,fr       R30=IR&FR=0x00000000
[0x000001E4]	not r30,ir          R0=R30~IR=0x00000000
[0x000001E8]	or r30,er,ir        R30=ER|IR=0x2401F841
[0x000001EC]	xor r30,er,fr       R30=ER^FR=0x00000004
[0x000001F0]	ret r31             PC=R31<<2=0x00000290
[0x00000290]	call r31,r0,0x007D  R31=(PC+4)>>2=0x000000A5,PC=(R0+0x007D)<<2=0x000001F4
[0x000001F4]	add r2,r3,r4        FR=0x00000004,R2=R3+R4=0x2C008025
[0x000001F8]	addi r5,r7,12345    FR=0x00000004,R5=R7+0x3039=0x00003039
[0x000001FC]	sub r29,r13,r9      FR=0x00000004,R29=R13-R9=0xABCCEE35
[0x00000200]	subi r3,r31,4567    FR=0x00000014,R3=R31-0x11D7=0xFFFFEECD
[0x00000204]	mul r18,r14,r30     FR=0x00000004,ER=0x00000000,R18=R14*R30=0x02AF37BC
[0x00000208]	muli r6,r10,42      FR=0x00000004,ER=0x00000007,R6=R10*0x002A=0x3815056A
[0x0000020C]	div r11,r25,r27     FR=0x00000004,ER=0x24242424,R11=R25/R27=0x00000000
[0x00000210]	divi r13,r14,15     FR=0x00000004,ER=0x00000000,R13=R14/0x000F=0x000B7421
[0x00000214]	shl r27,r28,36      ER=0x00001540,R27=R28<<37=0x00000000
[0x00000218]	shr r28,r27,16      ER=0x00000000,R28=R27>>17=0x00000000
[0x0000021C]	ret r31             PC=R31<<2=0x00000294
[0x00000294]	call r31,r0,0x0088  R31=(PC+4)>>2=0x000000A6,PC=(R0+0x0088)<<2=0x00000220
[0x00000220]	and r2,r4,r5        R2=R4&R5=0x00000021
[0x00000224]	andi r6,r2,43605    R6=R2&0xAA55=0x00000001
[0x00000228]	not r23,r28         R0=R23~R28=0x00000000
[0x0000022C]	noti r25,21930      R25=R0~0x55AA=0xFFFFAA55
[0x00000230]	or r8,r9,r11        R8=R9|R11=0x000100CB
[0x00000234]	ori r7,r9,43690     R7=R9|0xAAAA=0x0001AAEB
[0x00000238]	xor r19,r3,r22      R19=R3^R22=0x7D437662
[0x0000023C]	xori r15,r24,21845  R15=R24^0x5555=0x00005566
[0x00000240]	ret r31             PC=R31<<2=0x00000298
[0x00000298]	call r31,r0,0x0091  R31=(PC+4)>>2=0x000000A7,PC=(R0+0x0091)<<2=0x00000244
[0x00000244]	addi r2,r0,1        FR=0x00000004,R2=R0+0x0001=0x00000001
[0x00000248]	cmp r0,0            FR=0x00000002
[0x0000024C]	beq 0x00000091      PC=0x00000250
[0x00000250]	cmpi r2,1           FR=0x00000001
[0x00000254]	blt 0x00000091      PC=0x00000258
[0x00000258]	cmp r0,0            FR=0x00000002
[0x0000025C]	bgt 0x00000091      PC=0x00000260
[0x00000260]	cmpi r2,1           FR=0x00000001
[0x00000264]	bne 0x00000091      PC=0x00000268
[0x00000268]	cmpi r2,0           FR=0x00000004
[0x0000026C]	ble 0x00000091      PC=0x00000270
[0x00000270]	cmpi r2,2           FR=0x00000002
[0x00000274]	bge 0x00000091      PC=0x00000278
[0x00000278]	ret r31             PC=R31<<2=0x0000029C
R0=R0R0=0x00000000
[END OF SIMULATION]